TN:
SF:src/modules/connections/services/CreateConnectionService.ts
FN:41,__decorate
FN:41,__metadata
FN:41,__param
FN:41,__awaiter
FN:41,adopt
FN:41,fulfilled
FN:41,rejected
FN:41,step
FN:41,__generator
FN:41,sent
FN:41,g.<computed>
FN:41,verb
FN:41,step
FN:41,__importDefault
FN:16,CreateConnectionService
FN:23,CreateConnectionService.execute
FNF:16
FNH:14
FNDA:3,__decorate
FNDA:3,__metadata
FNDA:6,__param
FNDA:7,__awaiter
FNDA:12,adopt
FNDA:12,fulfilled
FNDA:0,rejected
FNDA:17,step
FNDA:7,__generator
FNDA:12,sent
FNDA:0,g.<computed>
FNDA:21,verb
FNDA:19,step
FNDA:3,__importDefault
FNDA:7,CreateConnectionService
FNDA:7,CreateConnectionService.execute
DA:1,1
DA:2,1
DA:3,1
DA:4,1
DA:5,1
DA:6,1
DA:7,1
DA:8,1
DA:9,1
DA:10,1
DA:11,1
DA:12,1
DA:13,1
DA:14,1
DA:15,3
DA:16,3
DA:17,7
DA:18,7
DA:19,7
DA:20,7
DA:21,7
DA:22,3
DA:23,3
DA:24,7
DA:25,7
DA:26,7
DA:27,1
DA:28,1
DA:29,6
DA:30,7
DA:31,1
DA:32,1
DA:33,5
DA:34,5
DA:35,5
DA:36,5
DA:37,5
DA:38,7
DA:39,7
DA:40,7
DA:41,3
LF:41
LH:41
BRDA:41,0,0,3
BRDA:41,1,0,3
BRDA:41,2,0,0
BRDA:41,3,0,0
BRDA:41,4,0,0
BRDA:41,5,0,0
BRDA:41,6,0,3
BRDA:41,7,0,6
BRDA:41,8,0,6
BRDA:41,9,0,7
BRDA:41,10,0,12
BRDA:41,11,0,0
BRDA:41,12,0,7
BRDA:41,13,0,12
BRDA:41,14,0,2
BRDA:41,15,0,17
BRDA:41,16,0,5
BRDA:41,17,0,12
BRDA:41,18,0,7
BRDA:41,19,0,12
BRDA:41,20,0,0
BRDA:41,21,0,21
BRDA:41,22,0,19
BRDA:41,23,0,19
BRDA:41,24,0,0
BRDA:41,25,0,38
BRDA:41,26,0,0
BRDA:41,27,0,0
BRDA:41,28,0,0
BRDA:41,29,0,0
BRDA:41,30,0,19
BRDA:41,31,0,19
BRDA:41,32,0,12
BRDA:41,33,0,0
BRDA:41,34,0,0
BRDA:41,35,0,7
BRDA:41,36,0,0
BRDA:41,37,0,5
BRDA:41,38,0,0
BRDA:41,39,0,0
BRDA:41,40,0,0
BRDA:41,41,0,0
BRDA:41,42,0,19
BRDA:41,43,0,2
BRDA:41,44,0,19
BRDA:41,45,0,7
BRDA:41,46,0,2
BRDA:41,47,0,5
BRDA:41,48,0,0
BRDA:41,49,0,3
BRDA:41,50,0,0
BRDA:15,51,0,3
BRDA:16,52,0,7
BRDA:23,53,0,7
BRDA:41,54,0,7
BRDA:41,55,0,19
BRDA:24,56,0,7
BRDA:41,57,0,7
BRDA:26,58,0,1
BRDA:28,59,0,6
BRDA:30,60,0,5
BRDA:30,61,0,1
BRDA:41,62,0,5
BRF:63
BRH:43
end_of_record
TN:
SF:src/modules/connections/services/DeleteConnectionService.ts
FN:29,__decorate
FN:29,__metadata
FN:29,__param
FN:29,__awaiter
FN:29,adopt
FN:29,fulfilled
FN:29,rejected
FN:29,step
FN:29,__generator
FN:29,sent
FN:29,g.<computed>
FN:29,verb
FN:29,step
FN:29,__importDefault
FN:13,DeleteConnectionService
FN:18,DeleteConnectionService.execute
FNF:16
FNH:14
FNDA:1,__decorate
FNDA:1,__metadata
FNDA:1,__param
FNDA:2,__awaiter
FNDA:3,adopt
FNDA:3,fulfilled
FNDA:0,rejected
FNDA:4,step
FNDA:2,__generator
FNDA:3,sent
FNDA:0,g.<computed>
FNDA:6,verb
FNDA:5,step
FNDA:1,__importDefault
FNDA:2,DeleteConnectionService
FNDA:2,DeleteConnectionService.execute
DA:1,1
DA:2,1
DA:3,1
DA:4,1
DA:5,1
DA:6,1
DA:7,1
DA:8,1
DA:9,1
DA:10,1
DA:11,1
DA:12,1
DA:13,1
DA:14,2
DA:15,2
DA:16,2
DA:17,1
DA:18,1
DA:19,2
DA:20,2
DA:21,2
DA:22,1
DA:23,1
DA:24,1
DA:25,1
DA:26,2
DA:27,2
DA:28,2
DA:29,1
LF:29
LH:29
BRDA:29,0,0,1
BRDA:29,1,0,1
BRDA:29,2,0,0
BRDA:29,3,0,0
BRDA:29,4,0,0
BRDA:29,5,0,0
BRDA:29,6,0,1
BRDA:29,7,0,1
BRDA:29,8,0,1
BRDA:29,9,0,2
BRDA:29,10,0,3
BRDA:29,11,0,0
BRDA:29,12,0,2
BRDA:29,13,0,3
BRDA:29,14,0,1
BRDA:29,15,0,4
BRDA:29,16,0,1
BRDA:29,17,0,3
BRDA:29,18,0,2
BRDA:29,19,0,3
BRDA:29,20,0,0
BRDA:29,21,0,6
BRDA:29,22,0,5
BRDA:29,23,0,5
BRDA:29,24,0,0
BRDA:29,25,0,10
BRDA:29,26,0,0
BRDA:29,27,0,0
BRDA:29,28,0,0
BRDA:29,29,0,0
BRDA:29,30,0,5
BRDA:29,31,0,5
BRDA:29,32,0,3
BRDA:29,33,0,0
BRDA:29,34,0,0
BRDA:29,35,0,2
BRDA:29,36,0,0
BRDA:29,37,0,1
BRDA:29,38,0,0
BRDA:29,39,0,0
BRDA:29,40,0,0
BRDA:29,41,0,0
BRDA:29,42,0,5
BRDA:29,43,0,1
BRDA:29,44,0,5
BRDA:29,45,0,2
BRDA:29,46,0,1
BRDA:29,47,0,0
BRDA:29,48,0,1
BRDA:29,49,0,0
BRDA:12,50,0,1
BRDA:13,51,0,2
BRDA:18,52,0,2
BRDA:29,53,0,2
BRDA:29,54,0,5
BRDA:19,55,0,2
BRDA:29,56,0,2
BRDA:21,57,0,1
BRDA:29,58,0,1
BRF:59
BRH:39
end_of_record
TN:
SF:src/modules/connections/services/ShowConnectedUsersService.ts
FN:43,__assign
FN:43,__assign
FN:43,__decorate
FN:43,__metadata
FN:43,__param
FN:43,__awaiter
FN:43,adopt
FN:43,fulfilled
FN:43,rejected
FN:43,step
FN:43,__generator
FN:43,sent
FN:43,g.<computed>
FN:43,verb
FN:43,step
FN:43,__importDefault
FN:14,ShowConnectedUsersService
FN:21,ShowConnectedUsersService.execute
FNF:18
FNH:15
FNDA:2,__assign
FNDA:0,__assign
FNDA:1,__decorate
FNDA:1,__metadata
FNDA:2,__param
FNDA:4,__awaiter
FNDA:6,adopt
FNDA:6,fulfilled
FNDA:0,rejected
FNDA:9,step
FNDA:4,__generator
FNDA:6,sent
FNDA:0,g.<computed>
FNDA:12,verb
FNDA:10,step
FNDA:1,__importDefault
FNDA:2,ShowConnectedUsersService
FNDA:2,ShowConnectedUsersService.execute
DA:1,1
DA:2,1
DA:3,1
DA:4,1
DA:5,1
DA:6,1
DA:7,1
DA:8,1
DA:9,1
DA:10,1
DA:11,1
DA:12,1
DA:13,1
DA:14,1
DA:15,2
DA:16,2
DA:17,2
DA:18,2
DA:19,2
DA:20,1
DA:21,1
DA:22,2
DA:23,2
DA:24,2
DA:25,1
DA:26,1
DA:27,1
DA:28,1
DA:29,2
DA:30,2
DA:31,2
DA:32,2
DA:33,2
DA:34,2
DA:35,2
DA:36,2
DA:37,2
DA:38,2
DA:39,2
DA:40,2
DA:41,2
DA:42,2
DA:43,1
LF:43
LH:43
BRDA:43,0,0,1
BRDA:43,1,0,2
BRDA:43,2,0,0
BRDA:43,3,0,1
BRDA:43,4,0,0
BRDA:43,5,0,0
BRDA:43,6,0,0
BRDA:43,7,0,0
BRDA:43,8,0,1
BRDA:43,9,0,2
BRDA:43,10,0,2
BRDA:43,11,0,4
BRDA:43,12,0,6
BRDA:43,13,0,0
BRDA:43,14,0,4
BRDA:43,15,0,6
BRDA:43,16,0,1
BRDA:43,17,0,9
BRDA:43,18,0,3
BRDA:43,19,0,6
BRDA:43,20,0,4
BRDA:43,21,0,6
BRDA:43,22,0,0
BRDA:43,23,0,12
BRDA:43,24,0,10
BRDA:43,25,0,10
BRDA:43,26,0,0
BRDA:43,27,0,20
BRDA:43,28,0,0
BRDA:43,29,0,0
BRDA:43,30,0,0
BRDA:43,31,0,0
BRDA:43,32,0,10
BRDA:43,33,0,10
BRDA:43,34,0,6
BRDA:43,35,0,0
BRDA:43,36,0,0
BRDA:43,37,0,4
BRDA:43,38,0,0
BRDA:43,39,0,3
BRDA:43,40,0,0
BRDA:43,41,0,0
BRDA:43,42,0,0
BRDA:43,43,0,0
BRDA:43,44,0,10
BRDA:43,45,0,1
BRDA:43,46,0,10
BRDA:43,47,0,4
BRDA:43,48,0,1
BRDA:43,49,0,3
BRDA:43,50,0,0
BRDA:43,51,0,1
BRDA:43,52,0,0
BRDA:13,53,0,1
BRDA:14,54,0,2
BRDA:21,55,0,2
BRDA:43,56,0,2
BRDA:43,57,0,6
BRDA:22,58,0,2
BRDA:43,59,0,2
BRDA:24,60,0,1
BRDA:43,61,0,1
BRDA:43,62,0,1
BRDA:30,63,0,2
BRDA:30,64,0,2
BRDA:43,65,0,4
BRDA:31,66,0,2
BRDA:43,67,0,2
BRF:68
BRH:47
end_of_record
TN:
SF:src/modules/employees/services/CreateProjectEmployeeService.ts
FN:55,__decorate
FN:55,__metadata
FN:55,__param
FN:55,__awaiter
FN:55,adopt
FN:55,fulfilled
FN:55,rejected
FN:55,step
FN:55,__generator
FN:55,sent
FN:55,g.<computed>
FN:55,verb
FN:55,step
FN:55,__importDefault
FN:16,CreateProjectEmployeeService
FN:25,CreateProjectEmployeeService.execute
FNF:16
FNH:14
FNDA:1,__decorate
FNDA:1,__metadata
FNDA:3,__param
FNDA:5,__awaiter
FNDA:10,adopt
FNDA:10,fulfilled
FNDA:0,rejected
FNDA:11,step
FNDA:5,__generator
FNDA:10,sent
FNDA:0,g.<computed>
FNDA:15,verb
FNDA:15,step
FNDA:1,__importDefault
FNDA:5,CreateProjectEmployeeService
FNDA:5,CreateProjectEmployeeService.execute
DA:1,1
DA:2,1
DA:3,1
DA:4,1
DA:5,1
DA:6,1
DA:7,1
DA:8,1
DA:9,1
DA:10,1
DA:11,1
DA:12,1
DA:13,1
DA:14,1
DA:15,1
DA:16,1
DA:17,5
DA:18,5
DA:19,5
DA:20,5
DA:21,5
DA:22,5
DA:23,5
DA:24,1
DA:25,1
DA:26,5
DA:27,5
DA:28,5
DA:29,1
DA:30,1
DA:31,4
DA:32,4
DA:33,5
DA:34,5
DA:35,1
DA:36,1
DA:37,3
DA:38,5
DA:39,1
DA:40,1
DA:41,2
DA:42,5
DA:43,1
DA:44,1
DA:45,1
DA:46,1
DA:47,1
DA:48,1
DA:49,1
DA:50,1
DA:51,1
DA:52,5
DA:53,5
DA:54,5
DA:55,1
LF:55
LH:55
BRDA:55,0,0,1
BRDA:55,1,0,1
BRDA:55,2,0,0
BRDA:55,3,0,0
BRDA:55,4,0,0
BRDA:55,5,0,0
BRDA:55,6,0,1
BRDA:55,7,0,3
BRDA:55,8,0,3
BRDA:55,9,0,5
BRDA:55,10,0,10
BRDA:55,11,0,0
BRDA:55,12,0,5
BRDA:55,13,0,10
BRDA:55,14,0,4
BRDA:55,15,0,11
BRDA:55,16,0,1
BRDA:55,17,0,10
BRDA:55,18,0,5
BRDA:55,19,0,10
BRDA:55,20,0,0
BRDA:55,21,0,15
BRDA:55,22,0,15
BRDA:55,23,0,15
BRDA:55,24,0,0
BRDA:55,25,0,30
BRDA:55,26,0,0
BRDA:55,27,0,0
BRDA:55,28,0,0
BRDA:55,29,0,0
BRDA:55,30,0,15
BRDA:55,31,0,15
BRDA:55,32,0,10
BRDA:55,33,0,0
BRDA:55,34,0,0
BRDA:55,35,0,5
BRDA:55,36,0,0
BRDA:55,37,0,1
BRDA:55,38,0,0
BRDA:55,39,0,0
BRDA:55,40,0,0
BRDA:55,41,0,0
BRDA:55,42,0,15
BRDA:55,43,0,4
BRDA:55,44,0,15
BRDA:55,45,0,5
BRDA:55,46,0,4
BRDA:55,47,0,1
BRDA:55,48,0,0
BRDA:55,49,0,1
BRDA:55,50,0,0
BRDA:15,51,0,1
BRDA:16,52,0,5
BRDA:25,53,0,5
BRDA:55,54,0,5
BRDA:55,55,0,15
BRDA:26,56,0,5
BRDA:55,57,0,5
BRDA:28,58,0,1
BRDA:30,59,0,4
BRDA:55,60,0,4
BRDA:34,61,0,1
BRDA:36,62,0,3
BRDA:38,63,0,1
BRDA:40,64,0,2
BRDA:42,65,0,1
BRDA:55,66,0,1
BRF:67
BRH:47
end_of_record
TN:
SF:src/modules/employees/services/DeleteProjectEmployeeService.ts
FN:39,__decorate
FN:39,__metadata
FN:39,__param
FN:39,__awaiter
FN:39,adopt
FN:39,fulfilled
FN:39,rejected
FN:39,step
FN:39,__generator
FN:39,sent
FN:39,g.<computed>
FN:39,verb
FN:39,step
FN:39,__importDefault
FN:15,DeleteProjectEmployeeService
FN:22,DeleteProjectEmployeeService.execute
FNF:16
FNH:14
FNDA:1,__decorate
FNDA:1,__metadata
FNDA:2,__param
FNDA:3,__awaiter
FNDA:6,adopt
FNDA:6,fulfilled
FNDA:0,rejected
FNDA:7,step
FNDA:3,__generator
FNDA:6,sent
FNDA:0,g.<computed>
FNDA:9,verb
FNDA:9,step
FNDA:1,__importDefault
FNDA:3,DeleteProjectEmployeeService
FNDA:3,DeleteProjectEmployeeService.execute
DA:1,1
DA:2,1
DA:3,1
DA:4,1
DA:5,1
DA:6,1
DA:7,1
DA:8,1
DA:9,1
DA:10,1
DA:11,1
DA:12,1
DA:13,1
DA:14,1
DA:15,1
DA:16,3
DA:17,3
DA:18,3
DA:19,3
DA:20,3
DA:21,1
DA:22,1
DA:23,3
DA:24,3
DA:25,3
DA:26,1
DA:27,1
DA:28,2
DA:29,2
DA:30,3
DA:31,3
DA:32,1
DA:33,1
DA:34,1
DA:35,1
DA:36,3
DA:37,3
DA:38,3
DA:39,1
LF:39
LH:39
BRDA:39,0,0,1
BRDA:39,1,0,1
BRDA:39,2,0,0
BRDA:39,3,0,0
BRDA:39,4,0,0
BRDA:39,5,0,0
BRDA:39,6,0,1
BRDA:39,7,0,2
BRDA:39,8,0,2
BRDA:39,9,0,3
BRDA:39,10,0,6
BRDA:39,11,0,0
BRDA:39,12,0,3
BRDA:39,13,0,6
BRDA:39,14,0,2
BRDA:39,15,0,7
BRDA:39,16,0,1
BRDA:39,17,0,6
BRDA:39,18,0,3
BRDA:39,19,0,6
BRDA:39,20,0,0
BRDA:39,21,0,9
BRDA:39,22,0,9
BRDA:39,23,0,9
BRDA:39,24,0,0
BRDA:39,25,0,18
BRDA:39,26,0,0
BRDA:39,27,0,0
BRDA:39,28,0,0
BRDA:39,29,0,0
BRDA:39,30,0,9
BRDA:39,31,0,9
BRDA:39,32,0,6
BRDA:39,33,0,0
BRDA:39,34,0,0
BRDA:39,35,0,3
BRDA:39,36,0,0
BRDA:39,37,0,1
BRDA:39,38,0,0
BRDA:39,39,0,0
BRDA:39,40,0,0
BRDA:39,41,0,0
BRDA:39,42,0,9
BRDA:39,43,0,2
BRDA:39,44,0,9
BRDA:39,45,0,3
BRDA:39,46,0,2
BRDA:39,47,0,1
BRDA:39,48,0,0
BRDA:39,49,0,1
BRDA:39,50,0,0
BRDA:14,51,0,1
BRDA:15,52,0,3
BRDA:22,53,0,3
BRDA:39,54,0,3
BRDA:39,55,0,9
BRDA:23,56,0,3
BRDA:39,57,0,3
BRDA:25,58,0,1
BRDA:27,59,0,2
BRDA:39,60,0,2
BRDA:31,61,0,0
BRDA:31,62,0,1
BRDA:39,63,0,1
BRF:64
BRH:43
end_of_record
TN:
SF:src/modules/employees/services/ShowProjectEmployeesService.ts
FN:46,__assign
FN:46,__assign
FN:46,__decorate
FN:46,__metadata
FN:46,__param
FN:46,__awaiter
FN:46,adopt
FN:46,fulfilled
FN:46,rejected
FN:46,step
FN:46,__generator
FN:46,sent
FN:46,g.<computed>
FN:46,verb
FN:46,step
FN:46,__importDefault
FN:15,ShowProjectEmployeesService
FN:24,ShowProjectEmployeesService.execute
FNF:18
FNH:15
FNDA:2,__assign
FNDA:0,__assign
FNDA:1,__decorate
FNDA:1,__metadata
FNDA:3,__param
FNDA:4,__awaiter
FNDA:6,adopt
FNDA:6,fulfilled
FNDA:0,rejected
FNDA:9,step
FNDA:4,__generator
FNDA:6,sent
FNDA:0,g.<computed>
FNDA:12,verb
FNDA:10,step
FNDA:1,__importDefault
FNDA:2,ShowProjectEmployeesService
FNDA:2,ShowProjectEmployeesService.execute
DA:1,1
DA:2,1
DA:3,1
DA:4,1
DA:5,1
DA:6,1
DA:7,1
DA:8,1
DA:9,1
DA:10,1
DA:11,1
DA:12,1
DA:13,1
DA:14,1
DA:15,1
DA:16,2
DA:17,2
DA:18,2
DA:19,2
DA:20,2
DA:21,2
DA:22,2
DA:23,1
DA:24,1
DA:25,2
DA:26,2
DA:27,2
DA:28,1
DA:29,1
DA:30,1
DA:31,1
DA:32,2
DA:33,2
DA:34,2
DA:35,2
DA:36,2
DA:37,2
DA:38,2
DA:39,2
DA:40,2
DA:41,2
DA:42,2
DA:43,2
DA:44,2
DA:45,2
DA:46,1
LF:46
LH:46
BRDA:46,0,0,1
BRDA:46,1,0,2
BRDA:46,2,0,0
BRDA:46,3,0,1
BRDA:46,4,0,0
BRDA:46,5,0,0
BRDA:46,6,0,0
BRDA:46,7,0,0
BRDA:46,8,0,1
BRDA:46,9,0,3
BRDA:46,10,0,3
BRDA:46,11,0,4
BRDA:46,12,0,6
BRDA:46,13,0,0
BRDA:46,14,0,4
BRDA:46,15,0,6
BRDA:46,16,0,1
BRDA:46,17,0,9
BRDA:46,18,0,3
BRDA:46,19,0,6
BRDA:46,20,0,4
BRDA:46,21,0,6
BRDA:46,22,0,0
BRDA:46,23,0,12
BRDA:46,24,0,10
BRDA:46,25,0,10
BRDA:46,26,0,0
BRDA:46,27,0,20
BRDA:46,28,0,0
BRDA:46,29,0,0
BRDA:46,30,0,0
BRDA:46,31,0,0
BRDA:46,32,0,10
BRDA:46,33,0,10
BRDA:46,34,0,6
BRDA:46,35,0,0
BRDA:46,36,0,0
BRDA:46,37,0,4
BRDA:46,38,0,0
BRDA:46,39,0,3
BRDA:46,40,0,0
BRDA:46,41,0,0
BRDA:46,42,0,0
BRDA:46,43,0,0
BRDA:46,44,0,10
BRDA:46,45,0,1
BRDA:46,46,0,10
BRDA:46,47,0,4
BRDA:46,48,0,1
BRDA:46,49,0,3
BRDA:46,50,0,0
BRDA:46,51,0,1
BRDA:46,52,0,0
BRDA:14,53,0,1
BRDA:15,54,0,2
BRDA:24,55,0,2
BRDA:46,56,0,2
BRDA:46,57,0,6
BRDA:25,58,0,2
BRDA:46,59,0,2
BRDA:27,60,0,1
BRDA:46,61,0,1
BRDA:46,62,0,1
BRDA:33,63,0,2
BRDA:33,64,0,2
BRDA:46,65,0,4
BRDA:34,66,0,2
BRDA:46,67,0,2
BRF:68
BRH:47
end_of_record
TN:
SF:src/modules/employees/services/UpdateProjectEmployeeService.ts
FN:44,__decorate
FN:44,__metadata
FN:44,__param
FN:44,__awaiter
FN:44,adopt
FN:44,fulfilled
FN:44,rejected
FN:44,step
FN:44,__generator
FN:44,sent
FN:44,g.<computed>
FN:44,verb
FN:44,step
FN:44,__importDefault
FN:17,UpdateProjectEmployeeService
FN:24,UpdateProjectEmployeeService.execute
FNF:16
FNH:14
FNDA:1,__decorate
FNDA:1,__metadata
FNDA:2,__param
FNDA:3,__awaiter
FNDA:6,adopt
FNDA:6,fulfilled
FNDA:0,rejected
FNDA:7,step
FNDA:3,__generator
FNDA:6,sent
FNDA:0,g.<computed>
FNDA:9,verb
FNDA:9,step
FNDA:1,__importDefault
FNDA:3,UpdateProjectEmployeeService
FNDA:3,UpdateProjectEmployeeService.execute
DA:1,1
DA:2,1
DA:3,1
DA:4,1
DA:5,1
DA:6,1
DA:7,1
DA:8,1
DA:9,1
DA:10,1
DA:11,1
DA:12,1
DA:13,1
DA:14,1
DA:15,1
DA:16,1
DA:17,1
DA:18,3
DA:19,3
DA:20,3
DA:21,3
DA:22,3
DA:23,1
DA:24,1
DA:25,3
DA:26,3
DA:27,3
DA:28,1
DA:29,1
DA:30,2
DA:31,2
DA:32,3
DA:33,3
DA:34,1
DA:35,1
DA:36,1
DA:37,1
DA:38,1
DA:39,1
DA:40,1
DA:41,3
DA:42,3
DA:43,3
DA:44,1
LF:44
LH:44
BRDA:44,0,0,1
BRDA:44,1,0,1
BRDA:44,2,0,0
BRDA:44,3,0,0
BRDA:44,4,0,0
BRDA:44,5,0,0
BRDA:44,6,0,1
BRDA:44,7,0,2
BRDA:44,8,0,2
BRDA:44,9,0,3
BRDA:44,10,0,6
BRDA:44,11,0,0
BRDA:44,12,0,3
BRDA:44,13,0,6
BRDA:44,14,0,2
BRDA:44,15,0,7
BRDA:44,16,0,1
BRDA:44,17,0,6
BRDA:44,18,0,3
BRDA:44,19,0,6
BRDA:44,20,0,0
BRDA:44,21,0,9
BRDA:44,22,0,9
BRDA:44,23,0,9
BRDA:44,24,0,0
BRDA:44,25,0,18
BRDA:44,26,0,0
BRDA:44,27,0,0
BRDA:44,28,0,0
BRDA:44,29,0,0
BRDA:44,30,0,9
BRDA:44,31,0,9
BRDA:44,32,0,6
BRDA:44,33,0,0
BRDA:44,34,0,0
BRDA:44,35,0,3
BRDA:44,36,0,0
BRDA:44,37,0,1
BRDA:44,38,0,0
BRDA:44,39,0,0
BRDA:44,40,0,0
BRDA:44,41,0,0
BRDA:44,42,0,9
BRDA:44,43,0,2
BRDA:44,44,0,9
BRDA:44,45,0,3
BRDA:44,46,0,2
BRDA:44,47,0,1
BRDA:44,48,0,0
BRDA:44,49,0,1
BRDA:44,50,0,0
BRDA:16,51,0,1
BRDA:17,52,0,3
BRDA:24,53,0,3
BRDA:44,54,0,3
BRDA:44,55,0,9
BRDA:25,56,0,3
BRDA:44,57,0,3
BRDA:27,58,0,1
BRDA:29,59,0,2
BRDA:44,60,0,2
BRDA:33,61,0,0
BRDA:33,62,0,1
BRDA:44,63,0,1
BRF:64
BRH:43
end_of_record
TN:
SF:src/modules/notifications/services/CreateNotificationService.ts
FN:36,__decorate
FN:36,__metadata
FN:36,__param
FN:36,__awaiter
FN:36,adopt
FN:36,fulfilled
FN:36,rejected
FN:36,step
FN:36,__generator
FN:36,sent
FN:36,g.<computed>
FN:36,verb
FN:36,step
FN:36,__importDefault
FN:13,CreateNotificationService
FN:20,CreateNotificationService.execute
FNF:16
FNH:14
FNDA:3,__decorate
FNDA:3,__metadata
FNDA:6,__param
FNDA:6,__awaiter
FNDA:11,adopt
FNDA:11,fulfilled
FNDA:0,rejected
FNDA:16,step
FNDA:6,__generator
FNDA:11,sent
FNDA:0,g.<computed>
FNDA:18,verb
FNDA:17,step
FNDA:3,__importDefault
FNDA:6,CreateNotificationService
FNDA:6,CreateNotificationService.execute
DA:1,1
DA:2,1
DA:3,1
DA:4,1
DA:5,1
DA:6,1
DA:7,1
DA:8,1
DA:9,1
DA:10,1
DA:11,1
DA:12,3
DA:13,3
DA:14,6
DA:15,6
DA:16,6
DA:17,6
DA:18,6
DA:19,3
DA:20,3
DA:21,6
DA:22,6
DA:23,6
DA:24,1
DA:25,1
DA:26,5
DA:27,5
DA:28,5
DA:29,5
DA:30,5
DA:31,5
DA:32,5
DA:33,6
DA:34,6
DA:35,6
DA:36,3
LF:36
LH:36
BRDA:36,0,0,3
BRDA:36,1,0,3
BRDA:36,2,0,0
BRDA:36,3,0,0
BRDA:36,4,0,0
BRDA:36,5,0,0
BRDA:36,6,0,3
BRDA:36,7,0,6
BRDA:36,8,0,6
BRDA:36,9,0,6
BRDA:36,10,0,11
BRDA:36,11,0,0
BRDA:36,12,0,6
BRDA:36,13,0,11
BRDA:36,14,0,1
BRDA:36,15,0,16
BRDA:36,16,0,5
BRDA:36,17,0,11
BRDA:36,18,0,6
BRDA:36,19,0,11
BRDA:36,20,0,0
BRDA:36,21,0,18
BRDA:36,22,0,17
BRDA:36,23,0,17
BRDA:36,24,0,0
BRDA:36,25,0,34
BRDA:36,26,0,0
BRDA:36,27,0,0
BRDA:36,28,0,0
BRDA:36,29,0,0
BRDA:36,30,0,17
BRDA:36,31,0,17
BRDA:36,32,0,11
BRDA:36,33,0,0
BRDA:36,34,0,0
BRDA:36,35,0,6
BRDA:36,36,0,0
BRDA:36,37,0,5
BRDA:36,38,0,0
BRDA:36,39,0,0
BRDA:36,40,0,0
BRDA:36,41,0,0
BRDA:36,42,0,17
BRDA:36,43,0,1
BRDA:36,44,0,17
BRDA:36,45,0,6
BRDA:36,46,0,13
BRDA:36,47,0,1
BRDA:36,48,0,5
BRDA:36,49,0,0
BRDA:36,50,0,3
BRDA:36,51,0,0
BRDA:12,52,0,3
BRDA:13,53,0,6
BRDA:20,54,0,6
BRDA:36,55,0,6
BRDA:36,56,0,17
BRDA:21,57,0,6
BRDA:36,58,0,6
BRDA:23,59,0,5
BRDA:23,60,0,1
BRDA:36,61,0,5
BRF:62
BRH:42
end_of_record
TN:
SF:src/modules/notifications/services/ListUserNotificationsService.ts
FN:32,__decorate
FN:32,__metadata
FN:32,__param
FN:32,__awaiter
FN:32,adopt
FN:32,fulfilled
FN:32,rejected
FN:32,step
FN:32,__generator
FN:32,sent
FN:32,g.<computed>
FN:32,verb
FN:32,step
FN:32,__importDefault
FN:15,ListUserNotificationsService
FN:21,ListUserNotificationsService.execute
FNF:16
FNH:14
FNDA:1,__decorate
FNDA:1,__metadata
FNDA:2,__param
FNDA:2,__awaiter
FNDA:3,adopt
FNDA:3,fulfilled
FNDA:0,rejected
FNDA:4,step
FNDA:2,__generator
FNDA:3,sent
FNDA:0,g.<computed>
FNDA:6,verb
FNDA:5,step
FNDA:1,__importDefault
FNDA:2,ListUserNotificationsService
FNDA:2,ListUserNotificationsService.execute
DA:1,1
DA:2,1
DA:3,1
DA:4,1
DA:5,1
DA:6,1
DA:7,1
DA:8,1
DA:9,1
DA:10,1
DA:11,1
DA:12,1
DA:13,1
DA:14,1
DA:15,1
DA:16,2
DA:17,2
DA:18,2
DA:19,2
DA:20,2
DA:21,1
DA:22,2
DA:23,2
DA:24,2
DA:25,1
DA:26,1
DA:27,1
DA:28,1
DA:29,2
DA:30,2
DA:31,2
DA:32,1
LF:32
LH:32
BRDA:32,0,0,1
BRDA:32,1,0,1
BRDA:32,2,0,0
BRDA:32,3,0,0
BRDA:32,4,0,0
BRDA:32,5,0,0
BRDA:32,6,0,1
BRDA:32,7,0,2
BRDA:32,8,0,2
BRDA:32,9,0,2
BRDA:32,10,0,3
BRDA:32,11,0,0
BRDA:32,12,0,2
BRDA:32,13,0,3
BRDA:32,14,0,1
BRDA:32,15,0,4
BRDA:32,16,0,1
BRDA:32,17,0,3
BRDA:32,18,0,2
BRDA:32,19,0,3
BRDA:32,20,0,0
BRDA:32,21,0,6
BRDA:32,22,0,5
BRDA:32,23,0,5
BRDA:32,24,0,0
BRDA:32,25,0,10
BRDA:32,26,0,0
BRDA:32,27,0,0
BRDA:32,28,0,0
BRDA:32,29,0,0
BRDA:32,30,0,5
BRDA:32,31,0,5
BRDA:32,32,0,3
BRDA:32,33,0,0
BRDA:32,34,0,0
BRDA:32,35,0,2
BRDA:32,36,0,0
BRDA:32,37,0,1
BRDA:32,38,0,0
BRDA:32,39,0,0
BRDA:32,40,0,0
BRDA:32,41,0,0
BRDA:32,42,0,5
BRDA:32,43,0,1
BRDA:32,44,0,5
BRDA:32,45,0,2
BRDA:32,46,0,1
BRDA:32,47,0,0
BRDA:32,48,0,1
BRDA:32,49,0,0
BRDA:14,50,0,1
BRDA:15,51,0,2
BRDA:21,52,0,2
BRDA:32,53,0,2
BRDA:32,54,0,5
BRDA:22,55,0,2
BRDA:32,56,0,2
BRDA:24,57,0,1
BRDA:32,58,0,1
BRF:59
BRH:39
end_of_record
TN:
SF:src/modules/notifications/services/UpdateNotificationStatusService.ts
FN:38,__decorate
FN:38,__metadata
FN:38,__param
FN:38,__awaiter
FN:38,adopt
FN:38,fulfilled
FN:38,rejected
FN:38,step
FN:38,__generator
FN:38,sent
FN:38,g.<computed>
FN:38,verb
FN:38,step
FN:38,__importDefault
FN:14,UpdateNotificationStatusService
FN:20,UpdateNotificationStatusService.execute
FNF:16
FNH:14
FNDA:1,__decorate
FNDA:1,__metadata
FNDA:2,__param
FNDA:4,__awaiter
FNDA:5,adopt
FNDA:5,fulfilled
FNDA:0,rejected
FNDA:8,step
FNDA:4,__generator
FNDA:5,sent
FNDA:0,g.<computed>
FNDA:12,verb
FNDA:9,step
FNDA:1,__importDefault
FNDA:2,UpdateNotificationStatusService
FNDA:2,UpdateNotificationStatusService.execute
DA:1,1
DA:2,1
DA:3,1
DA:4,1
DA:5,1
DA:6,1
DA:7,1
DA:8,1
DA:9,1
DA:10,1
DA:11,1
DA:12,1
DA:13,1
DA:14,1
DA:15,2
DA:16,2
DA:17,2
DA:18,2
DA:19,2
DA:20,1
DA:21,2
DA:22,2
DA:23,2
DA:24,1
DA:25,1
DA:26,1
DA:27,1
DA:28,2
DA:29,2
DA:30,2
DA:31,2
DA:32,2
DA:33,2
DA:34,2
DA:35,2
DA:36,2
DA:37,2
DA:38,1
LF:38
LH:38
BRDA:38,0,0,1
BRDA:38,1,0,1
BRDA:38,2,0,0
BRDA:38,3,0,0
BRDA:38,4,0,0
BRDA:38,5,0,0
BRDA:38,6,0,1
BRDA:38,7,0,2
BRDA:38,8,0,2
BRDA:38,9,0,4
BRDA:38,10,0,5
BRDA:38,11,0,0
BRDA:38,12,0,4
BRDA:38,13,0,5
BRDA:38,14,0,1
BRDA:38,15,0,8
BRDA:38,16,0,3
BRDA:38,17,0,5
BRDA:38,18,0,4
BRDA:38,19,0,5
BRDA:38,20,0,0
BRDA:38,21,0,12
BRDA:38,22,0,9
BRDA:38,23,0,9
BRDA:38,24,0,0
BRDA:38,25,0,18
BRDA:38,26,0,0
BRDA:38,27,0,0
BRDA:38,28,0,0
BRDA:38,29,0,0
BRDA:38,30,0,9
BRDA:38,31,0,9
BRDA:38,32,0,5
BRDA:38,33,0,0
BRDA:38,34,0,0
BRDA:38,35,0,4
BRDA:38,36,0,0
BRDA:38,37,0,3
BRDA:38,38,0,0
BRDA:38,39,0,0
BRDA:38,40,0,0
BRDA:38,41,0,0
BRDA:38,42,0,9
BRDA:38,43,0,1
BRDA:38,44,0,9
BRDA:38,45,0,4
BRDA:38,46,0,1
BRDA:38,47,0,3
BRDA:38,48,0,0
BRDA:38,49,0,1
BRDA:38,50,0,0
BRDA:13,51,0,1
BRDA:14,52,0,2
BRDA:20,53,0,2
BRDA:38,54,0,2
BRDA:38,55,0,5
BRDA:21,56,0,2
BRDA:38,57,0,2
BRDA:23,58,0,1
BRDA:38,59,0,1
BRDA:29,60,0,2
BRDA:31,61,0,2
BRDA:31,62,0,2
BRDA:38,63,0,4
BRDA:38,64,0,2
BRDA:38,65,0,2
BRF:66
BRH:46
end_of_record
TN:
SF:src/modules/projects/services/CreateProjectService.ts
FN:41,__decorate
FN:41,__metadata
FN:41,__param
FN:41,__awaiter
FN:41,adopt
FN:41,fulfilled
FN:41,rejected
FN:41,step
FN:41,__generator
FN:41,sent
FN:41,g.<computed>
FN:41,verb
FN:41,step
FN:41,__importDefault
FN:14,CreateProjectService
FN:23,CreateProjectService.execute
FNF:16
FNH:14
FNDA:5,__decorate
FNDA:5,__metadata
FNDA:15,__param
FNDA:11,__awaiter
FNDA:31,adopt
FNDA:31,fulfilled
FNDA:0,rejected
FNDA:41,step
FNDA:11,__generator
FNDA:31,sent
FNDA:0,g.<computed>
FNDA:33,verb
FNDA:42,step
FNDA:5,__importDefault
FNDA:14,CreateProjectService
FNDA:11,CreateProjectService.execute
DA:1,1
DA:2,1
DA:3,1
DA:4,1
DA:5,1
DA:6,1
DA:7,1
DA:8,1
DA:9,1
DA:10,1
DA:11,1
DA:12,1
DA:13,5
DA:14,5
DA:15,14
DA:16,14
DA:17,14
DA:18,14
DA:19,14
DA:20,14
DA:21,14
DA:22,5
DA:23,5
DA:24,11
DA:25,11
DA:26,11
DA:27,1
DA:28,1
DA:29,10
DA:30,10
DA:31,11
DA:32,11
DA:33,11
DA:34,11
DA:35,11
DA:36,11
DA:37,11
DA:38,11
DA:39,11
DA:40,11
DA:41,5
LF:41
LH:41
BRDA:41,0,0,5
BRDA:41,1,0,5
BRDA:41,2,0,0
BRDA:41,3,0,0
BRDA:41,4,0,0
BRDA:41,5,0,0
BRDA:41,6,0,5
BRDA:41,7,0,15
BRDA:41,8,0,15
BRDA:41,9,0,11
BRDA:41,10,0,31
BRDA:41,11,0,0
BRDA:41,12,0,11
BRDA:41,13,0,31
BRDA:41,14,0,1
BRDA:41,15,0,41
BRDA:41,16,0,10
BRDA:41,17,0,31
BRDA:41,18,0,11
BRDA:41,19,0,31
BRDA:41,20,0,0
BRDA:41,21,0,33
BRDA:41,22,0,42
BRDA:41,23,0,42
BRDA:41,24,0,0
BRDA:41,25,0,84
BRDA:41,26,0,0
BRDA:41,27,0,0
BRDA:41,28,0,0
BRDA:41,29,0,0
BRDA:41,30,0,42
BRDA:41,31,0,42
BRDA:41,32,0,31
BRDA:41,33,0,0
BRDA:41,34,0,0
BRDA:41,35,0,11
BRDA:41,36,0,0
BRDA:41,37,0,10
BRDA:41,38,0,0
BRDA:41,39,0,0
BRDA:41,40,0,0
BRDA:41,41,0,0
BRDA:41,42,0,42
BRDA:41,43,0,1
BRDA:41,44,0,42
BRDA:41,45,0,11
BRDA:41,46,0,37
BRDA:41,47,0,1
BRDA:41,48,0,10
BRDA:41,49,0,0
BRDA:41,50,0,5
BRDA:41,51,0,0
BRDA:13,52,0,5
BRDA:14,53,0,14
BRDA:23,54,0,11
BRDA:41,55,0,11
BRDA:41,56,0,42
BRDA:24,57,0,11
BRDA:41,58,0,11
BRDA:26,59,0,10
BRDA:26,60,0,1
BRDA:41,61,0,10
BRDA:41,62,0,10
BRF:63
BRH:43
end_of_record
TN:
SF:src/modules/projects/services/DeleteProjectService.ts
FN:43,__decorate
FN:43,__metadata
FN:43,__param
FN:43,__awaiter
FN:43,adopt
FN:43,fulfilled
FN:43,rejected
FN:43,step
FN:43,__generator
FN:43,sent
FN:43,g.<computed>
FN:43,verb
FN:43,step
FN:43,__importDefault
FN:15,DeleteProjectService
FN:22,DeleteProjectService.execute
FNF:16
FNH:14
FNDA:1,__decorate
FNDA:1,__metadata
FNDA:2,__param
FNDA:4,__awaiter
FNDA:8,adopt
FNDA:8,fulfilled
FNDA:0,rejected
FNDA:9,step
FNDA:4,__generator
FNDA:8,sent
FNDA:0,g.<computed>
FNDA:12,verb
FNDA:12,step
FNDA:1,__importDefault
FNDA:4,DeleteProjectService
FNDA:4,DeleteProjectService.execute
DA:1,1
DA:2,1
DA:3,1
DA:4,1
DA:5,1
DA:6,1
DA:7,1
DA:8,1
DA:9,1
DA:10,1
DA:11,1
DA:12,1
DA:13,1
DA:14,1
DA:15,1
DA:16,4
DA:17,4
DA:18,4
DA:19,4
DA:20,4
DA:21,1
DA:22,1
DA:23,4
DA:24,4
DA:25,4
DA:26,1
DA:27,1
DA:28,3
DA:29,3
DA:30,4
DA:31,4
DA:32,1
DA:33,1
DA:34,2
DA:35,4
DA:36,1
DA:37,1
DA:38,1
DA:39,1
DA:40,4
DA:41,4
DA:42,4
DA:43,1
LF:43
LH:43
BRDA:43,0,0,1
BRDA:43,1,0,1
BRDA:43,2,0,0
BRDA:43,3,0,0
BRDA:43,4,0,0
BRDA:43,5,0,0
BRDA:43,6,0,1
BRDA:43,7,0,2
BRDA:43,8,0,2
BRDA:43,9,0,4
BRDA:43,10,0,8
BRDA:43,11,0,0
BRDA:43,12,0,4
BRDA:43,13,0,8
BRDA:43,14,0,3
BRDA:43,15,0,9
BRDA:43,16,0,1
BRDA:43,17,0,8
BRDA:43,18,0,4
BRDA:43,19,0,8
BRDA:43,20,0,0
BRDA:43,21,0,12
BRDA:43,22,0,12
BRDA:43,23,0,12
BRDA:43,24,0,0
BRDA:43,25,0,24
BRDA:43,26,0,0
BRDA:43,27,0,0
BRDA:43,28,0,0
BRDA:43,29,0,0
BRDA:43,30,0,12
BRDA:43,31,0,12
BRDA:43,32,0,8
BRDA:43,33,0,0
BRDA:43,34,0,0
BRDA:43,35,0,4
BRDA:43,36,0,0
BRDA:43,37,0,1
BRDA:43,38,0,0
BRDA:43,39,0,0
BRDA:43,40,0,0
BRDA:43,41,0,0
BRDA:43,42,0,12
BRDA:43,43,0,3
BRDA:43,44,0,12
BRDA:43,45,0,4
BRDA:43,46,0,3
BRDA:43,47,0,1
BRDA:43,48,0,0
BRDA:43,49,0,1
BRDA:43,50,0,0
BRDA:14,51,0,1
BRDA:15,52,0,4
BRDA:22,53,0,4
BRDA:43,54,0,4
BRDA:43,55,0,12
BRDA:23,56,0,4
BRDA:43,57,0,4
BRDA:25,58,0,1
BRDA:27,59,0,3
BRDA:43,60,0,3
BRDA:31,61,0,1
BRDA:33,62,0,2
BRDA:35,63,0,1
BRDA:43,64,0,1
BRF:65
BRH:45
end_of_record
TN:
SF:src/modules/projects/services/ShowInvolvedProjectsService.ts
FN:45,__decorate
FN:45,__metadata
FN:45,__param
FN:45,__awaiter
FN:45,adopt
FN:45,fulfilled
FN:45,rejected
FN:45,step
FN:45,__generator
FN:45,sent
FN:45,g.<computed>
FN:45,verb
FN:45,step
FN:45,__importDefault
FN:15,ShowInvolvedProjectsService
FN:24,ShowInvolvedProjectsService.execute
FNF:16
FNH:14
FNDA:1,__decorate
FNDA:1,__metadata
FNDA:3,__param
FNDA:4,__awaiter
FNDA:6,adopt
FNDA:6,fulfilled
FNDA:0,rejected
FNDA:9,step
FNDA:4,__generator
FNDA:6,sent
FNDA:0,g.<computed>
FNDA:12,verb
FNDA:10,step
FNDA:1,__importDefault
FNDA:2,ShowInvolvedProjectsService
FNDA:2,ShowInvolvedProjectsService.execute
DA:1,1
DA:2,1
DA:3,1
DA:4,1
DA:5,1
DA:6,1
DA:7,1
DA:8,1
DA:9,1
DA:10,1
DA:11,1
DA:12,1
DA:13,1
DA:14,1
DA:15,1
DA:16,2
DA:17,2
DA:18,2
DA:19,2
DA:20,2
DA:21,2
DA:22,2
DA:23,1
DA:24,1
DA:25,2
DA:26,2
DA:27,2
DA:28,1
DA:29,1
DA:30,1
DA:31,1
DA:32,2
DA:33,2
DA:34,2
DA:35,2
DA:36,2
DA:37,2
DA:38,2
DA:39,2
DA:40,2
DA:41,2
DA:42,2
DA:43,2
DA:44,2
DA:45,1
LF:45
LH:45
BRDA:45,0,0,1
BRDA:45,1,0,1
BRDA:45,2,0,0
BRDA:45,3,0,0
BRDA:45,4,0,0
BRDA:45,5,0,0
BRDA:45,6,0,1
BRDA:45,7,0,3
BRDA:45,8,0,3
BRDA:45,9,0,4
BRDA:45,10,0,6
BRDA:45,11,0,0
BRDA:45,12,0,4
BRDA:45,13,0,6
BRDA:45,14,0,1
BRDA:45,15,0,9
BRDA:45,16,0,3
BRDA:45,17,0,6
BRDA:45,18,0,4
BRDA:45,19,0,6
BRDA:45,20,0,0
BRDA:45,21,0,12
BRDA:45,22,0,10
BRDA:45,23,0,10
BRDA:45,24,0,0
BRDA:45,25,0,20
BRDA:45,26,0,0
BRDA:45,27,0,0
BRDA:45,28,0,0
BRDA:45,29,0,0
BRDA:45,30,0,10
BRDA:45,31,0,10
BRDA:45,32,0,6
BRDA:45,33,0,0
BRDA:45,34,0,0
BRDA:45,35,0,4
BRDA:45,36,0,0
BRDA:45,37,0,3
BRDA:45,38,0,0
BRDA:45,39,0,0
BRDA:45,40,0,0
BRDA:45,41,0,0
BRDA:45,42,0,10
BRDA:45,43,0,1
BRDA:45,44,0,10
BRDA:45,45,0,4
BRDA:45,46,0,1
BRDA:45,47,0,3
BRDA:45,48,0,0
BRDA:45,49,0,1
BRDA:45,50,0,0
BRDA:14,51,0,1
BRDA:15,52,0,2
BRDA:24,53,0,2
BRDA:45,54,0,2
BRDA:45,55,0,6
BRDA:25,56,0,2
BRDA:45,57,0,2
BRDA:27,58,0,1
BRDA:45,59,0,1
BRDA:45,60,0,1
BRDA:33,61,0,2
BRDA:33,62,0,2
BRDA:45,63,0,4
BRDA:34,64,0,2
BRDA:45,65,0,2
BRF:66
BRH:46
end_of_record
TN:
SF:src/modules/projects/services/ShowOwnerProjectsService.ts
FN:32,__decorate
FN:32,__metadata
FN:32,__param
FN:32,__awaiter
FN:32,adopt
FN:32,fulfilled
FN:32,rejected
FN:32,step
FN:32,__generator
FN:32,sent
FN:32,g.<computed>
FN:32,verb
FN:32,step
FN:32,__importDefault
FN:14,ShowOwnerProjectsService
FN:21,ShowOwnerProjectsService.execute
FNF:16
FNH:14
FNDA:1,__decorate
FNDA:1,__metadata
FNDA:2,__param
FNDA:2,__awaiter
FNDA:3,adopt
FNDA:3,fulfilled
FNDA:0,rejected
FNDA:4,step
FNDA:2,__generator
FNDA:3,sent
FNDA:0,g.<computed>
FNDA:6,verb
FNDA:5,step
FNDA:1,__importDefault
FNDA:2,ShowOwnerProjectsService
FNDA:2,ShowOwnerProjectsService.execute
DA:1,1
DA:2,1
DA:3,1
DA:4,1
DA:5,1
DA:6,1
DA:7,1
DA:8,1
DA:9,1
DA:10,1
DA:11,1
DA:12,1
DA:13,1
DA:14,1
DA:15,2
DA:16,2
DA:17,2
DA:18,2
DA:19,2
DA:20,1
DA:21,1
DA:22,2
DA:23,2
DA:24,2
DA:25,1
DA:26,1
DA:27,1
DA:28,1
DA:29,2
DA:30,2
DA:31,2
DA:32,1
LF:32
LH:32
BRDA:32,0,0,1
BRDA:32,1,0,1
BRDA:32,2,0,0
BRDA:32,3,0,0
BRDA:32,4,0,0
BRDA:32,5,0,0
BRDA:32,6,0,1
BRDA:32,7,0,2
BRDA:32,8,0,2
BRDA:32,9,0,2
BRDA:32,10,0,3
BRDA:32,11,0,0
BRDA:32,12,0,2
BRDA:32,13,0,3
BRDA:32,14,0,1
BRDA:32,15,0,4
BRDA:32,16,0,1
BRDA:32,17,0,3
BRDA:32,18,0,2
BRDA:32,19,0,3
BRDA:32,20,0,0
BRDA:32,21,0,6
BRDA:32,22,0,5
BRDA:32,23,0,5
BRDA:32,24,0,0
BRDA:32,25,0,10
BRDA:32,26,0,0
BRDA:32,27,0,0
BRDA:32,28,0,0
BRDA:32,29,0,0
BRDA:32,30,0,5
BRDA:32,31,0,5
BRDA:32,32,0,3
BRDA:32,33,0,0
BRDA:32,34,0,0
BRDA:32,35,0,2
BRDA:32,36,0,0
BRDA:32,37,0,1
BRDA:32,38,0,0
BRDA:32,39,0,0
BRDA:32,40,0,0
BRDA:32,41,0,0
BRDA:32,42,0,5
BRDA:32,43,0,1
BRDA:32,44,0,5
BRDA:32,45,0,2
BRDA:32,46,0,1
BRDA:32,47,0,0
BRDA:32,48,0,1
BRDA:32,49,0,0
BRDA:13,50,0,1
BRDA:14,51,0,2
BRDA:21,52,0,2
BRDA:32,53,0,2
BRDA:32,54,0,5
BRDA:22,55,0,2
BRDA:32,56,0,2
BRDA:24,57,0,1
BRDA:32,58,0,1
BRF:59
BRH:39
end_of_record
TN:
SF:src/modules/projects/services/UpdateProjectService.ts
FN:48,__decorate
FN:48,__metadata
FN:48,__param
FN:48,__awaiter
FN:48,adopt
FN:48,fulfilled
FN:48,rejected
FN:48,step
FN:48,__generator
FN:48,sent
FN:48,g.<computed>
FN:48,verb
FN:48,step
FN:48,__importDefault
FN:17,UpdateProjectService
FN:24,UpdateProjectService.execute
FNF:16
FNH:14
FNDA:1,__decorate
FNDA:1,__metadata
FNDA:2,__param
FNDA:4,__awaiter
FNDA:8,adopt
FNDA:8,fulfilled
FNDA:0,rejected
FNDA:9,step
FNDA:4,__generator
FNDA:8,sent
FNDA:0,g.<computed>
FNDA:12,verb
FNDA:12,step
FNDA:1,__importDefault
FNDA:4,UpdateProjectService
FNDA:4,UpdateProjectService.execute
DA:1,1
DA:2,1
DA:3,1
DA:4,1
DA:5,1
DA:6,1
DA:7,1
DA:8,1
DA:9,1
DA:10,1
DA:11,1
DA:12,1
DA:13,1
DA:14,1
DA:15,1
DA:16,1
DA:17,1
DA:18,4
DA:19,4
DA:20,4
DA:21,4
DA:22,4
DA:23,1
DA:24,1
DA:25,4
DA:26,4
DA:27,4
DA:28,1
DA:29,1
DA:30,3
DA:31,3
DA:32,4
DA:33,4
DA:34,1
DA:35,1
DA:36,2
DA:37,4
DA:38,1
DA:39,1
DA:40,1
DA:41,1
DA:42,1
DA:43,1
DA:44,1
DA:45,4
DA:46,4
DA:47,4
DA:48,1
LF:48
LH:48
BRDA:48,0,0,1
BRDA:48,1,0,1
BRDA:48,2,0,0
BRDA:48,3,0,0
BRDA:48,4,0,0
BRDA:48,5,0,0
BRDA:48,6,0,1
BRDA:48,7,0,2
BRDA:48,8,0,2
BRDA:48,9,0,4
BRDA:48,10,0,8
BRDA:48,11,0,0
BRDA:48,12,0,4
BRDA:48,13,0,8
BRDA:48,14,0,3
BRDA:48,15,0,9
BRDA:48,16,0,1
BRDA:48,17,0,8
BRDA:48,18,0,4
BRDA:48,19,0,8
BRDA:48,20,0,0
BRDA:48,21,0,12
BRDA:48,22,0,12
BRDA:48,23,0,12
BRDA:48,24,0,0
BRDA:48,25,0,24
BRDA:48,26,0,0
BRDA:48,27,0,0
BRDA:48,28,0,0
BRDA:48,29,0,0
BRDA:48,30,0,12
BRDA:48,31,0,12
BRDA:48,32,0,8
BRDA:48,33,0,0
BRDA:48,34,0,0
BRDA:48,35,0,4
BRDA:48,36,0,0
BRDA:48,37,0,1
BRDA:48,38,0,0
BRDA:48,39,0,0
BRDA:48,40,0,0
BRDA:48,41,0,0
BRDA:48,42,0,12
BRDA:48,43,0,3
BRDA:48,44,0,12
BRDA:48,45,0,4
BRDA:48,46,0,3
BRDA:48,47,0,1
BRDA:48,48,0,0
BRDA:48,49,0,1
BRDA:48,50,0,0
BRDA:16,51,0,1
BRDA:17,52,0,4
BRDA:24,53,0,4
BRDA:48,54,0,4
BRDA:48,55,0,12
BRDA:25,56,0,4
BRDA:48,57,0,4
BRDA:27,58,0,1
BRDA:29,59,0,3
BRDA:48,60,0,3
BRDA:33,61,0,1
BRDA:35,62,0,2
BRDA:37,63,0,1
BRDA:48,64,0,1
BRF:65
BRH:45
end_of_record
TN:
SF:src/modules/users/services/AuthenticateUserService.ts
FN:55,__decorate
FN:55,__metadata
FN:55,__param
FN:55,__awaiter
FN:55,adopt
FN:55,fulfilled
FN:55,rejected
FN:55,step
FN:55,__generator
FN:55,sent
FN:55,g.<computed>
FN:55,verb
FN:55,step
FN:55,__importDefault
FN:24,CreateUserService
FN:30,CreateUserService.execute
FNF:16
FNH:14
FNDA:1,__decorate
FNDA:1,__metadata
FNDA:2,__param
FNDA:3,__awaiter
FNDA:5,adopt
FNDA:5,fulfilled
FNDA:0,rejected
FNDA:6,step
FNDA:3,__generator
FNDA:5,sent
FNDA:0,g.<computed>
FNDA:9,verb
FNDA:8,step
FNDA:2,__importDefault
FNDA:3,CreateUserService
FNDA:3,CreateUserService.execute
DA:1,1
DA:2,1
DA:3,1
DA:4,1
DA:5,1
DA:6,1
DA:7,1
DA:8,1
DA:9,1
DA:10,1
DA:11,1
DA:12,1
DA:13,1
DA:14,1
DA:15,1
DA:16,1
DA:17,1
DA:18,1
DA:19,1
DA:20,1
DA:21,1
DA:22,1
DA:23,1
DA:24,1
DA:25,3
DA:26,3
DA:27,3
DA:28,3
DA:29,3
DA:30,1
DA:31,3
DA:32,3
DA:33,3
DA:34,1
DA:35,1
DA:36,2
DA:37,2
DA:38,3
DA:39,3
DA:40,1
DA:41,1
DA:42,1
DA:43,1
DA:44,1
DA:45,1
DA:46,1
DA:47,1
DA:48,1
DA:49,1
DA:50,1
DA:51,1
DA:52,1
DA:53,1
DA:54,3
DA:55,1
LF:55
LH:55
BRDA:55,0,0,1
BRDA:55,1,0,1
BRDA:55,2,0,0
BRDA:55,3,0,0
BRDA:55,4,0,0
BRDA:55,5,0,0
BRDA:55,6,0,1
BRDA:55,7,0,2
BRDA:55,8,0,2
BRDA:55,9,0,3
BRDA:55,10,0,5
BRDA:55,11,0,0
BRDA:55,12,0,3
BRDA:55,13,0,5
BRDA:55,14,0,2
BRDA:55,15,0,6
BRDA:55,16,0,1
BRDA:55,17,0,5
BRDA:55,18,0,3
BRDA:55,19,0,5
BRDA:55,20,0,0
BRDA:55,21,0,9
BRDA:55,22,0,8
BRDA:55,23,0,8
BRDA:55,24,0,0
BRDA:55,25,0,16
BRDA:55,26,0,0
BRDA:55,27,0,0
BRDA:55,28,0,0
BRDA:55,29,0,0
BRDA:55,30,0,8
BRDA:55,31,0,8
BRDA:55,32,0,5
BRDA:55,33,0,0
BRDA:55,34,0,0
BRDA:55,35,0,3
BRDA:55,36,0,0
BRDA:55,37,0,1
BRDA:55,38,0,0
BRDA:55,39,0,0
BRDA:55,40,0,0
BRDA:55,41,0,0
BRDA:55,42,0,8
BRDA:55,43,0,2
BRDA:55,44,0,8
BRDA:55,45,0,3
BRDA:55,46,0,2
BRDA:55,47,0,1
BRDA:55,48,0,0
BRDA:55,49,0,2
BRDA:55,50,0,0
BRDA:23,51,0,1
BRDA:24,52,0,3
BRDA:30,53,0,3
BRDA:55,54,0,3
BRDA:55,55,0,8
BRDA:31,56,0,3
BRDA:55,57,0,3
BRDA:33,58,0,1
BRDA:35,59,0,2
BRDA:55,60,0,2
BRDA:39,61,0,1
BRF:62
BRH:42
end_of_record
TN:
SF:src/modules/users/services/CreateUserService.ts
FN:43,__decorate
FN:43,__metadata
FN:43,__param
FN:43,__awaiter
FN:43,adopt
FN:43,fulfilled
FN:43,rejected
FN:43,step
FN:43,__generator
FN:43,sent
FN:43,g.<computed>
FN:43,verb
FN:43,step
FN:43,__importDefault
FN:18,CreateUserService
FN:24,CreateUserService.execute
FNF:16
FNH:14
FNDA:1,__decorate
FNDA:1,__metadata
FNDA:2,__param
FNDA:3,__awaiter
FNDA:7,adopt
FNDA:7,fulfilled
FNDA:0,rejected
FNDA:9,step
FNDA:3,__generator
FNDA:7,sent
FNDA:0,g.<computed>
FNDA:9,verb
FNDA:10,step
FNDA:1,__importDefault
FNDA:2,CreateUserService
FNDA:3,CreateUserService.execute
DA:1,1
DA:2,1
DA:3,1
DA:4,1
DA:5,1
DA:6,1
DA:7,1
DA:8,1
DA:9,1
DA:10,1
DA:11,1
DA:12,1
DA:13,1
DA:14,1
DA:15,1
DA:16,1
DA:17,1
DA:18,1
DA:19,2
DA:20,2
DA:21,2
DA:22,2
DA:23,2
DA:24,1
DA:25,3
DA:26,3
DA:27,3
DA:28,1
DA:29,1
DA:30,2
DA:31,2
DA:32,3
DA:33,3
DA:34,3
DA:35,3
DA:36,3
DA:37,3
DA:38,3
DA:39,3
DA:40,3
DA:41,3
DA:42,3
DA:43,1
LF:43
LH:43
BRDA:43,0,0,1
BRDA:43,1,0,1
BRDA:43,2,0,0
BRDA:43,3,0,0
BRDA:43,4,0,0
BRDA:43,5,0,0
BRDA:43,6,0,1
BRDA:43,7,0,2
BRDA:43,8,0,2
BRDA:43,9,0,3
BRDA:43,10,0,7
BRDA:43,11,0,0
BRDA:43,12,0,3
BRDA:43,13,0,7
BRDA:43,14,0,1
BRDA:43,15,0,9
BRDA:43,16,0,2
BRDA:43,17,0,7
BRDA:43,18,0,3
BRDA:43,19,0,7
BRDA:43,20,0,0
BRDA:43,21,0,9
BRDA:43,22,0,10
BRDA:43,23,0,10
BRDA:43,24,0,0
BRDA:43,25,0,20
BRDA:43,26,0,0
BRDA:43,27,0,0
BRDA:43,28,0,0
BRDA:43,29,0,0
BRDA:43,30,0,10
BRDA:43,31,0,10
BRDA:43,32,0,7
BRDA:43,33,0,0
BRDA:43,34,0,0
BRDA:43,35,0,3
BRDA:43,36,0,0
BRDA:43,37,0,2
BRDA:43,38,0,0
BRDA:43,39,0,0
BRDA:43,40,0,0
BRDA:43,41,0,0
BRDA:43,42,0,10
BRDA:43,43,0,1
BRDA:43,44,0,10
BRDA:43,45,0,3
BRDA:43,46,0,1
BRDA:43,47,0,2
BRDA:43,48,0,0
BRDA:43,49,0,1
BRDA:43,50,0,0
BRDA:17,51,0,1
BRDA:18,52,0,2
BRDA:24,53,0,3
BRDA:43,54,0,3
BRDA:43,55,0,10
BRDA:25,56,0,3
BRDA:43,57,0,3
BRDA:27,58,0,1
BRDA:29,59,0,2
BRDA:43,60,0,2
BRDA:43,61,0,2
BRF:62
BRH:42
end_of_record
TN:
SF:src/modules/users/services/FindUserService.ts
FN:36,__decorate
FN:36,__metadata
FN:36,__param
FN:36,__awaiter
FN:36,adopt
FN:36,fulfilled
FN:36,rejected
FN:36,step
FN:36,__generator
FN:36,sent
FN:36,g.<computed>
FN:36,verb
FN:36,step
FN:36,__importDefault
FN:15,FindUserService
FN:20,FindUserService.execute
FNF:16
FNH:14
FNDA:1,__decorate
FNDA:1,__metadata
FNDA:1,__param
FNDA:3,__awaiter
FNDA:5,adopt
FNDA:5,fulfilled
FNDA:0,rejected
FNDA:6,step
FNDA:3,__generator
FNDA:5,sent
FNDA:0,g.<computed>
FNDA:9,verb
FNDA:8,step
FNDA:1,__importDefault
FNDA:3,FindUserService
FNDA:3,FindUserService.execute
DA:1,1
DA:2,1
DA:3,1
DA:4,1
DA:5,1
DA:6,1
DA:7,1
DA:8,1
DA:9,1
DA:10,1
DA:11,1
DA:12,1
DA:13,1
DA:14,1
DA:15,1
DA:16,3
DA:17,3
DA:18,3
DA:19,1
DA:20,1
DA:21,3
DA:22,3
DA:23,3
DA:24,1
DA:25,1
DA:26,2
DA:27,2
DA:28,3
DA:29,1
DA:30,1
DA:31,1
DA:32,1
DA:33,3
DA:34,1
DA:35,1
DA:36,1
LF:36
LH:36
BRDA:36,0,0,1
BRDA:36,1,0,1
BRDA:36,2,0,0
BRDA:36,3,0,0
BRDA:36,4,0,0
BRDA:36,5,0,0
BRDA:36,6,0,1
BRDA:36,7,0,1
BRDA:36,8,0,1
BRDA:36,9,0,3
BRDA:36,10,0,5
BRDA:36,11,0,0
BRDA:36,12,0,3
BRDA:36,13,0,5
BRDA:36,14,0,2
BRDA:36,15,0,6
BRDA:36,16,0,1
BRDA:36,17,0,5
BRDA:36,18,0,3
BRDA:36,19,0,5
BRDA:36,20,0,0
BRDA:36,21,0,9
BRDA:36,22,0,8
BRDA:36,23,0,8
BRDA:36,24,0,0
BRDA:36,25,0,16
BRDA:36,26,0,0
BRDA:36,27,0,0
BRDA:36,28,0,0
BRDA:36,29,0,0
BRDA:36,30,0,8
BRDA:36,31,0,8
BRDA:36,32,0,5
BRDA:36,33,0,0
BRDA:36,34,0,0
BRDA:36,35,0,3
BRDA:36,36,0,0
BRDA:36,37,0,1
BRDA:36,38,0,0
BRDA:36,39,0,0
BRDA:36,40,0,0
BRDA:36,41,0,0
BRDA:36,42,0,8
BRDA:36,43,0,2
BRDA:36,44,0,8
BRDA:36,45,0,3
BRDA:36,46,0,2
BRDA:36,47,0,1
BRDA:36,48,0,0
BRDA:36,49,0,1
BRDA:36,50,0,0
BRDA:14,51,0,1
BRDA:15,52,0,3
BRDA:20,53,0,3
BRDA:36,54,0,3
BRDA:36,55,0,8
BRDA:21,56,0,3
BRDA:36,57,0,3
BRDA:23,58,0,1
BRDA:25,59,0,2
BRDA:36,60,0,2
BRDA:28,61,0,1
BRF:62
BRH:42
end_of_record
TN:
SF:src/modules/users/services/ShowProfileService.ts
FN:30,__decorate
FN:30,__metadata
FN:30,__param
FN:30,__awaiter
FN:30,adopt
FN:30,fulfilled
FN:30,rejected
FN:30,step
FN:30,__generator
FN:30,sent
FN:30,g.<computed>
FN:30,verb
FN:30,step
FN:30,__importDefault
FN:14,ShowProfileService
FN:19,ShowProfileService.execute
FNF:16
FNH:14
FNDA:1,__decorate
FNDA:1,__metadata
FNDA:1,__param
FNDA:2,__awaiter
FNDA:2,adopt
FNDA:2,fulfilled
FNDA:0,rejected
FNDA:3,step
FNDA:2,__generator
FNDA:2,sent
FNDA:0,g.<computed>
FNDA:6,verb
FNDA:4,step
FNDA:1,__importDefault
FNDA:2,ShowProfileService
FNDA:2,ShowProfileService.execute
DA:1,1
DA:2,1
DA:3,1
DA:4,1
DA:5,1
DA:6,1
DA:7,1
DA:8,1
DA:9,1
DA:10,1
DA:11,1
DA:12,1
DA:13,1
DA:14,1
DA:15,2
DA:16,2
DA:17,2
DA:18,1
DA:19,1
DA:20,2
DA:21,2
DA:22,2
DA:23,1
DA:24,1
DA:25,1
DA:26,1
DA:27,2
DA:28,1
DA:29,1
DA:30,1
LF:30
LH:30
BRDA:30,0,0,1
BRDA:30,1,0,1
BRDA:30,2,0,0
BRDA:30,3,0,0
BRDA:30,4,0,0
BRDA:30,5,0,0
BRDA:30,6,0,1
BRDA:30,7,0,1
BRDA:30,8,0,1
BRDA:30,9,0,2
BRDA:30,10,0,2
BRDA:30,11,0,0
BRDA:30,12,0,2
BRDA:30,13,0,2
BRDA:30,14,0,1
BRDA:30,15,0,3
BRDA:30,16,0,1
BRDA:30,17,0,2
BRDA:30,18,0,2
BRDA:30,19,0,2
BRDA:30,20,0,0
BRDA:30,21,0,6
BRDA:30,22,0,4
BRDA:30,23,0,4
BRDA:30,24,0,0
BRDA:30,25,0,8
BRDA:30,26,0,0
BRDA:30,27,0,0
BRDA:30,28,0,0
BRDA:30,29,0,0
BRDA:30,30,0,4
BRDA:30,31,0,4
BRDA:30,32,0,2
BRDA:30,33,0,0
BRDA:30,34,0,0
BRDA:30,35,0,2
BRDA:30,36,0,0
BRDA:30,37,0,1
BRDA:30,38,0,0
BRDA:30,39,0,0
BRDA:30,40,0,0
BRDA:30,41,0,0
BRDA:30,42,0,4
BRDA:30,43,0,1
BRDA:30,44,0,4
BRDA:30,45,0,2
BRDA:30,46,0,1
BRDA:30,47,0,0
BRDA:30,48,0,1
BRDA:30,49,0,0
BRDA:13,50,0,1
BRDA:14,51,0,2
BRDA:19,52,0,2
BRDA:30,53,0,2
BRDA:30,54,0,4
BRDA:20,55,0,2
BRDA:30,56,0,2
BRDA:22,57,0,1
BRF:58
BRH:38
end_of_record
TN:
SF:src/modules/users/services/ShowUsersService.ts
FN:34,__decorate
FN:34,__metadata
FN:34,__param
FN:34,__awaiter
FN:34,adopt
FN:34,fulfilled
FN:34,rejected
FN:34,step
FN:34,__generator
FN:34,sent
FN:34,g.<computed>
FN:34,verb
FN:34,step
FN:34,__importDefault
FN:14,ShowUsersService
FN:19,ShowUsersService.execute
FNF:16
FNH:14
FNDA:1,__decorate
FNDA:1,__metadata
FNDA:1,__param
FNDA:2,__awaiter
FNDA:3,adopt
FNDA:3,fulfilled
FNDA:0,rejected
FNDA:4,step
FNDA:2,__generator
FNDA:3,sent
FNDA:0,g.<computed>
FNDA:6,verb
FNDA:5,step
FNDA:1,__importDefault
FNDA:2,ShowUsersService
FNDA:2,ShowUsersService.execute
DA:1,1
DA:2,1
DA:3,1
DA:4,1
DA:5,1
DA:6,1
DA:7,1
DA:8,1
DA:9,1
DA:10,1
DA:11,1
DA:12,1
DA:13,1
DA:14,1
DA:15,2
DA:16,2
DA:17,2
DA:18,1
DA:19,1
DA:20,2
DA:21,2
DA:22,2
DA:23,1
DA:24,1
DA:25,1
DA:26,1
DA:27,2
DA:28,2
DA:29,2
DA:30,2
DA:31,2
DA:32,1
DA:33,1
DA:34,1
LF:34
LH:34
BRDA:34,0,0,1
BRDA:34,1,0,1
BRDA:34,2,0,0
BRDA:34,3,0,0
BRDA:34,4,0,0
BRDA:34,5,0,0
BRDA:34,6,0,1
BRDA:34,7,0,1
BRDA:34,8,0,1
BRDA:34,9,0,2
BRDA:34,10,0,3
BRDA:34,11,0,0
BRDA:34,12,0,2
BRDA:34,13,0,3
BRDA:34,14,0,1
BRDA:34,15,0,4
BRDA:34,16,0,1
BRDA:34,17,0,3
BRDA:34,18,0,2
BRDA:34,19,0,3
BRDA:34,20,0,0
BRDA:34,21,0,6
BRDA:34,22,0,5
BRDA:34,23,0,5
BRDA:34,24,0,0
BRDA:34,25,0,10
BRDA:34,26,0,0
BRDA:34,27,0,0
BRDA:34,28,0,0
BRDA:34,29,0,0
BRDA:34,30,0,5
BRDA:34,31,0,5
BRDA:34,32,0,3
BRDA:34,33,0,0
BRDA:34,34,0,0
BRDA:34,35,0,2
BRDA:34,36,0,0
BRDA:34,37,0,1
BRDA:34,38,0,0
BRDA:34,39,0,0
BRDA:34,40,0,0
BRDA:34,41,0,0
BRDA:34,42,0,5
BRDA:34,43,0,1
BRDA:34,44,0,5
BRDA:34,45,0,2
BRDA:34,46,0,1
BRDA:34,47,0,0
BRDA:34,48,0,1
BRDA:34,49,0,0
BRDA:13,50,0,1
BRDA:14,51,0,2
BRDA:19,52,0,2
BRDA:34,53,0,2
BRDA:34,54,0,5
BRDA:20,55,0,2
BRDA:34,56,0,2
BRDA:22,57,0,1
BRDA:34,58,0,1
BRDA:28,59,0,3
BRF:60
BRH:40
end_of_record
TN:
SF:src/modules/users/services/UpdatePasswordService.ts
FN:48,__decorate
FN:48,__metadata
FN:48,__param
FN:48,__awaiter
FN:48,adopt
FN:48,fulfilled
FN:48,rejected
FN:48,step
FN:48,__generator
FN:48,sent
FN:48,g.<computed>
FN:48,verb
FN:48,step
FN:48,__importDefault
FN:17,UpdatePasswordService
FN:24,UpdatePasswordService.execute
FNF:16
FNH:14
FNDA:1,__decorate
FNDA:1,__metadata
FNDA:2,__param
FNDA:4,__awaiter
FNDA:7,adopt
FNDA:7,fulfilled
FNDA:0,rejected
FNDA:8,step
FNDA:4,__generator
FNDA:7,sent
FNDA:0,g.<computed>
FNDA:12,verb
FNDA:11,step
FNDA:1,__importDefault
FNDA:4,UpdatePasswordService
FNDA:4,UpdatePasswordService.execute
DA:1,1
DA:2,1
DA:3,1
DA:4,1
DA:5,1
DA:6,1
DA:7,1
DA:8,1
DA:9,1
DA:10,1
DA:11,1
DA:12,1
DA:13,1
DA:14,1
DA:15,1
DA:16,1
DA:17,1
DA:18,4
DA:19,4
DA:20,4
DA:21,4
DA:22,4
DA:23,1
DA:24,1
DA:25,4
DA:26,4
DA:27,4
DA:28,1
DA:29,1
DA:30,3
DA:31,4
DA:32,1
DA:33,1
DA:34,2
DA:35,4
DA:36,2
DA:37,4
DA:38,4
DA:39,1
DA:40,1
DA:41,1
DA:42,4
DA:43,4
DA:44,4
DA:45,4
DA:46,1
DA:47,1
DA:48,1
LF:48
LH:48
BRDA:48,0,0,1
BRDA:48,1,0,1
BRDA:48,2,0,0
BRDA:48,3,0,0
BRDA:48,4,0,0
BRDA:48,5,0,0
BRDA:48,6,0,1
BRDA:48,7,0,2
BRDA:48,8,0,2
BRDA:48,9,0,4
BRDA:48,10,0,7
BRDA:48,11,0,0
BRDA:48,12,0,4
BRDA:48,13,0,7
BRDA:48,14,0,3
BRDA:48,15,0,8
BRDA:48,16,0,1
BRDA:48,17,0,7
BRDA:48,18,0,4
BRDA:48,19,0,7
BRDA:48,20,0,0
BRDA:48,21,0,12
BRDA:48,22,0,11
BRDA:48,23,0,11
BRDA:48,24,0,0
BRDA:48,25,0,22
BRDA:48,26,0,0
BRDA:48,27,0,0
BRDA:48,28,0,0
BRDA:48,29,0,0
BRDA:48,30,0,11
BRDA:48,31,0,11
BRDA:48,32,0,7
BRDA:48,33,0,0
BRDA:48,34,0,0
BRDA:48,35,0,4
BRDA:48,36,0,0
BRDA:48,37,0,1
BRDA:48,38,0,0
BRDA:48,39,0,0
BRDA:48,40,0,0
BRDA:48,41,0,0
BRDA:48,42,0,11
BRDA:48,43,0,3
BRDA:48,44,0,11
BRDA:48,45,0,4
BRDA:48,46,0,3
BRDA:48,47,0,1
BRDA:48,48,0,0
BRDA:48,49,0,1
BRDA:48,50,0,0
BRDA:16,51,0,1
BRDA:17,52,0,4
BRDA:24,53,0,4
BRDA:48,54,0,4
BRDA:48,55,0,11
BRDA:25,56,0,4
BRDA:48,57,0,4
BRDA:27,58,0,1
BRDA:29,59,0,3
BRDA:31,60,0,1
BRDA:33,61,0,2
BRDA:35,62,0,0
BRDA:35,63,0,2
BRDA:48,64,0,2
BRDA:38,65,0,1
BRDA:48,66,0,1
BRDA:44,67,0,1
BRF:68
BRH:47
end_of_record
TN:
SF:src/modules/users/services/UpdateProfileService.ts
FN:69,__decorate
FN:69,__metadata
FN:69,__param
FN:69,__awaiter
FN:69,adopt
FN:69,fulfilled
FN:69,rejected
FN:69,step
FN:69,__generator
FN:69,sent
FN:69,g.<computed>
FN:69,verb
FN:69,step
FN:69,__importDefault
FN:20,UpdateProfileService
FN:25,UpdateProfileService.execute
FNF:16
FNH:14
FNDA:1,__decorate
FNDA:1,__metadata
FNDA:1,__param
FNDA:7,__awaiter
FNDA:13,adopt
FNDA:13,fulfilled
FNDA:0,rejected
FNDA:17,step
FNDA:7,__generator
FNDA:13,sent
FNDA:0,g.<computed>
FNDA:21,verb
FNDA:20,step
FNDA:1,__importDefault
FNDA:7,UpdateProfileService
FNDA:7,UpdateProfileService.execute
DA:1,1
DA:2,1
DA:3,1
DA:4,1
DA:5,1
DA:6,1
DA:7,1
DA:8,1
DA:9,1
DA:10,1
DA:11,1
DA:12,1
DA:13,1
DA:14,1
DA:15,1
DA:16,1
DA:17,1
DA:18,1
DA:19,1
DA:20,1
DA:21,7
DA:22,7
DA:23,7
DA:24,1
DA:25,1
DA:26,7
DA:27,7
DA:28,7
DA:29,1
DA:30,1
DA:31,6
DA:32,6
DA:33,7
DA:34,7
DA:35,1
DA:36,1
DA:37,5
DA:38,5
DA:39,5
DA:40,5
DA:41,5
DA:42,7
DA:43,4
DA:44,4
DA:45,4
DA:46,4
DA:47,2
DA:48,1
DA:49,1
DA:50,1
DA:51,1
DA:52,1
DA:53,1
DA:54,1
DA:55,1
DA:56,1
DA:57,2
DA:58,2
DA:59,2
DA:60,2
DA:61,2
DA:62,2
DA:63,2
DA:64,1
DA:65,1
DA:66,7
DA:67,1
DA:68,1
DA:69,1
LF:69
LH:69
BRDA:69,0,0,1
BRDA:69,1,0,1
BRDA:69,2,0,0
BRDA:69,3,0,0
BRDA:69,4,0,0
BRDA:69,5,0,0
BRDA:69,6,0,1
BRDA:69,7,0,1
BRDA:69,8,0,1
BRDA:69,9,0,7
BRDA:69,10,0,13
BRDA:69,11,0,0
BRDA:69,12,0,7
BRDA:69,13,0,13
BRDA:69,14,0,3
BRDA:69,15,0,17
BRDA:69,16,0,4
BRDA:69,17,0,13
BRDA:69,18,0,7
BRDA:69,19,0,13
BRDA:69,20,0,0
BRDA:69,21,0,21
BRDA:69,22,0,20
BRDA:69,23,0,20
BRDA:69,24,0,0
BRDA:69,25,0,40
BRDA:69,26,0,0
BRDA:69,27,0,0
BRDA:69,28,0,0
BRDA:69,29,0,0
BRDA:69,30,0,20
BRDA:69,31,0,20
BRDA:69,32,0,13
BRDA:69,33,0,0
BRDA:69,34,0,0
BRDA:69,35,0,7
BRDA:69,36,0,0
BRDA:69,37,0,4
BRDA:69,38,0,0
BRDA:69,39,0,0
BRDA:69,40,0,0
BRDA:69,41,0,0
BRDA:69,42,0,20
BRDA:69,43,0,3
BRDA:69,44,0,20
BRDA:69,45,0,7
BRDA:69,46,0,3
BRDA:69,47,0,4
BRDA:69,48,0,0
BRDA:69,49,0,1
BRDA:69,50,0,0
BRDA:19,51,0,1
BRDA:20,52,0,7
BRDA:25,53,0,7
BRDA:69,54,0,7
BRDA:69,55,0,20
BRDA:26,56,0,7
BRDA:69,57,0,7
BRDA:28,58,0,1
BRDA:30,59,0,6
BRDA:69,60,0,6
BRDA:34,61,0,5
BRDA:34,62,0,1
BRDA:36,63,0,5
BRDA:42,64,0,4
BRDA:46,65,0,2
BRDA:47,66,0,1
BRDA:63,67,0,1
BRF:68
BRH:48
end_of_record
TN:
SF:src/modules/users/services/UpdateUserAvatarService.ts
FN:43,__decorate
FN:43,__metadata
FN:43,__param
FN:43,__awaiter
FN:43,adopt
FN:43,fulfilled
FN:43,rejected
FN:43,step
FN:43,__generator
FN:43,sent
FN:43,g.<computed>
FN:43,verb
FN:43,step
FN:43,__importDefault
FN:15,UpdateUserAvatarService
FN:22,UpdateUserAvatarService.execute
FNF:16
FNH:14
FNDA:1,__decorate
FNDA:1,__metadata
FNDA:2,__param
FNDA:4,__awaiter
FNDA:11,adopt
FNDA:11,fulfilled
FNDA:0,rejected
FNDA:14,step
FNDA:4,__generator
FNDA:11,sent
FNDA:0,g.<computed>
FNDA:12,verb
FNDA:15,step
FNDA:1,__importDefault
FNDA:3,UpdateUserAvatarService
FNDA:4,UpdateUserAvatarService.execute
DA:1,1
DA:2,1
DA:3,1
DA:4,1
DA:5,1
DA:6,1
DA:7,1
DA:8,1
DA:9,1
DA:10,1
DA:11,1
DA:12,1
DA:13,1
DA:14,1
DA:15,1
DA:16,3
DA:17,3
DA:18,3
DA:19,3
DA:20,3
DA:21,1
DA:22,1
DA:23,4
DA:24,4
DA:25,4
DA:26,1
DA:27,1
DA:28,3
DA:29,3
DA:30,1
DA:31,4
DA:32,4
DA:33,4
DA:34,4
DA:35,4
DA:36,4
DA:37,4
DA:38,4
DA:39,4
DA:40,4
DA:41,1
DA:42,1
DA:43,1
LF:43
LH:43
BRDA:43,0,0,1
BRDA:43,1,0,1
BRDA:43,2,0,0
BRDA:43,3,0,0
BRDA:43,4,0,0
BRDA:43,5,0,0
BRDA:43,6,0,1
BRDA:43,7,0,2
BRDA:43,8,0,2
BRDA:43,9,0,4
BRDA:43,10,0,11
BRDA:43,11,0,0
BRDA:43,12,0,4
BRDA:43,13,0,11
BRDA:43,14,0,1
BRDA:43,15,0,14
BRDA:43,16,0,3
BRDA:43,17,0,11
BRDA:43,18,0,4
BRDA:43,19,0,11
BRDA:43,20,0,0
BRDA:43,21,0,12
BRDA:43,22,0,15
BRDA:43,23,0,15
BRDA:43,24,0,0
BRDA:43,25,0,32
BRDA:43,26,0,0
BRDA:43,27,0,0
BRDA:43,28,0,0
BRDA:43,29,0,0
BRDA:43,30,0,15
BRDA:43,31,0,15
BRDA:43,32,0,11
BRDA:43,33,0,0
BRDA:43,34,0,0
BRDA:43,35,0,6
BRDA:43,36,0,0
BRDA:43,37,0,5
BRDA:43,38,0,4
BRDA:43,39,0,2
BRDA:43,40,0,0
BRDA:43,41,0,2
BRDA:43,42,0,0
BRDA:43,43,0,0
BRDA:43,44,0,0
BRDA:43,45,0,17
BRDA:43,46,0,1
BRDA:43,47,0,17
BRDA:43,48,0,4
BRDA:43,49,0,1
BRDA:43,50,0,3
BRDA:43,51,0,0
BRDA:43,52,0,1
BRDA:43,53,0,0
BRDA:14,54,0,1
BRDA:15,55,0,3
BRDA:22,56,0,4
BRDA:43,57,0,4
BRDA:43,58,0,17
BRDA:23,59,0,4
BRDA:43,60,0,4
BRDA:25,61,0,1
BRDA:27,62,0,3
BRDA:29,63,0,2
BRDA:29,64,0,1
BRDA:43,65,0,1
BRDA:33,66,0,3
BRDA:43,67,0,3
BRDA:43,68,0,3
BRF:69
BRH:49
end_of_record
